=== Guitar Fretboard App Started ===
MIDI handler created and signals connected
Chord changed to: E Major
Auto-connecting to Aeroband...
Starting BLE scan...
Found 28 devices
  Device: S17 54DA LE (E7:A7:59:FE:77:A7)
  Device: S&B VOLCANO H (CE:6D:47:B6:23:C2)
  Device: None (A8:51:AB:9C:17:68)
  Device: RevPLC (C1:8B:48:11:6F:FF)
  Device: TUYA_ (3C:0B:59:EE:7F:9B)
  Device: None (C0:23:8D:E6:DD:4C)
  Device: None (65:55:1C:6D:5C:70)
  Device: Spark 2 BLE (D8:3B:DA:AB:23:B6)
  Device: S18 A878 LE (F3:33:D0:F6:9B:26)
  Device: 7XHWCY (6A:9F:89:DB:16:7F)
  Device: S18 A812 LE (F3:33:6A:F6:23:9C)
  Device: None (53:CC:10:80:C1:C1)
  Device: Govee_H6022_5570 (DB:B9:86:06:55:70)
  Device: None (44:3E:3B:6E:C2:DC)
  Device: None (5A:71:7F:6B:BC:2B)
  Device: None (56:A8:5D:53:73:8F)
  Device: None (64:A0:46:D5:11:1D)
  Device: None (46:C0:51:85:00:35)
  Device: None (51:55:E8:62:A4:98)
  Device: None (58:D3:49:F2:CE:B2)
  Device: None (FD:E7:6D:0E:31:B7)
  Device: AeroBand Midi 412b (DB:48:C3:06:41:2B)
    -> Found Aeroband!
Connecting to AeroBand Midi 412b at DB:48:C3:06:41:2B
Successfully connected!
Chord changed to: E Major
Auto-connecting to Aeroband...
Starting BLE scan...
Found 23 devices
  Device: None (6C:21:B1:34:70:61)
  Device: RevPLC (C1:8B:48:11:6F:FF)
  Device: S&B VOLCANO H (CE:6D:47:B6:23:C2)
  Device: S18 A878 LE (F3:33:D0:F6:9B:26)
  Device: TUYA_ (3C:0B:59:EE:7F:9B)
  Device: Govee_H6022_5570 (DB:B9:86:06:55:70)
  Device: None (78:13:E6:47:E3:FA)
  Device: None (A8:51:AB:9C:17:68)
  Device: None (47:FD:36:4F:F0:C4)
  Device: S17 54DA LE (E7:A7:59:FE:77:A7)
  Device: None (C4:F7:C1:0D:FE:A7)
  Device: None (C0:23:8D:E6:DD:4C)
  Device: None (44:36:B4:6B:D0:47)
  Device: S18 A812 LE (F3:33:6A:F6:23:9C)
  Device: None (C4:F7:C1:24:00:EE)
  Device: None (62:87:0E:5F:D7:D4)
  Device: None (45:0D:67:B5:6D:32)
  Device: None (CF:DE:59:40:F9:D7)
  Device: None (54:9E:3F:8C:1D:49)
  Device: None (58:D3:49:F2:CE:B2)
  Device: TUYA_ (3C:0B:59:EE:8B:C9)
  Device: None (66:85:6A:92:DB:42)
  Device: None (4B:42:C5:31:DF:68)
No Aeroband found, will retry in 5 seconds
Chord changed to: E Major
Auto-connecting to Aeroband...
Starting BLE scan...
Found 23 devices
  Device: S&B VOLCANO H (CE:6D:47:B6:23:C2)
  Device: None (6C:21:B1:34:70:61)
  Device: Govee_H6022_5570 (DB:B9:86:06:55:70)
  Device: S18 A878 LE (F3:33:D0:F6:9B:26)
  Device: RevPLC (C1:8B:48:11:6F:FF)
  Device: None (C0:23:8D:E6:DD:4C)
  Device: TUYA_ (3C:0B:59:EE:7F:9B)
  Device: None (44:36:B4:6B:D0:47)
  Device: None (78:13:E6:47:E3:FA)
  Device: None (45:0D:67:B5:6D:32)
  Device: S17 54DA LE (E7:A7:59:FE:77:A7)
  Device: S18 A812 LE (F3:33:6A:F6:23:9C)
  Device: None (78:8F:4A:1D:E9:05)
  Device: None (A8:51:AB:9C:17:68)
  Device: None (C4:F7:C1:0D:FE:A7)
  Device: None (54:9E:3F:8C:1D:49)
  Device: None (C4:F7:C1:24:00:EE)
  Device: None (62:87:0E:5F:D7:D4)
  Device: None (66:85:6A:92:DB:42)
  Device: None (CF:DE:59:40:F9:D7)
  Device: AeroBand Midi 412b (DB:48:C3:06:41:2B)
    -> Found Aeroband!
Connecting to AeroBand Midi 412b at DB:48:C3:06:41:2B
Successfully connected!
Chord changed to: E Major
Auto-connecting to Aeroband...
Starting BLE scan...
Found 24 devices
  Device: None (6C:21:B1:34:70:61)
  Device: None (58:D3:49:F2:CE:B2)
  Device: None (78:8F:4A:1D:E9:05)
  Device: S&B VOLCANO H (CE:6D:47:B6:23:C2)
  Device: S17 54DA LE (E7:A7:59:FE:77:A7)
  Device: Govee_H6022_5570 (DB:B9:86:06:55:70)
  Device: None (C4:F7:C1:24:00:EE)
  Device: RevPLC (C1:8B:48:11:6F:FF)
  Device: None (44:36:B4:6B:D0:47)
  Device: TUYA_ (3C:0B:59:EE:7F:9B)
  Device: TUYA_ (3C:0B:59:EE:8B:C9)
  Device: None (54:9E:3F:8C:1D:49)
  Device: S18 A878 LE (F3:33:D0:F6:9B:26)
  Device: None (C4:F7:C1:0D:FE:A7)
  Device: S18 A812 LE (F3:33:6A:F6:23:9C)
  Device: None (C0:23:8D:E6:DD:4C)
  Device: None (62:87:0E:5F:D7:D4)
  Device: None (F1:F8:A2:33:B1:76)
  Device: None (78:13:E6:47:E3:FA)
  Device: None (66:85:6A:92:DB:42)
  Device: None (7D:ED:86:B9:7D:BD)
  Device: None (A8:51:AB:9C:17:68)
  Device: None (D8:B7:8D:0F:D9:5F)
  Device: None (45:0D:67:B5:6D:32)
No Aeroband found, will retry in 5 seconds
Chord changed to: E Major
Auto-connecting to Aeroband...
Starting BLE scan...
Found 24 devices
  Device: S18 A878 LE (F3:33:D0:F6:9B:26)
  Device: S18 A812 LE (F3:33:6A:F6:23:9C)
  Device: RevPLC (C1:8B:48:11:6F:FF)
  Device: TUYA_ (3C:0B:59:EE:7F:9B)
  Device: None (44:36:B4:6B:D0:47)
  Device: None (78:8F:4A:1D:E9:05)
  Device: S&B VOLCANO H (CE:6D:47:B6:23:C2)
  Device: None (62:87:0E:5F:D7:D4)
  Device: None (78:13:E6:47:E3:FA)
  Device: None (C0:23:8D:E6:DD:4C)
  Device: None (A8:51:AB:9C:17:68)
  Device: None (45:0D:67:B5:6D:32)
  Device: None (6C:21:B1:34:70:61)
  Device: None (66:85:6A:92:DB:42)
  Device: S17 54DA LE (E7:A7:59:FE:77:A7)
  Device: None (C4:F7:C1:0D:FE:A7)
  Device: None (54:9E:3F:8C:1D:49)
  Device: Govee_H6022_5570 (DB:B9:86:06:55:70)
  Device: None (C4:F7:C1:24:00:EE)
  Device: None (3C:0B:59:EE:8B:C9)
  Device: None (58:D3:49:F2:CE:B2)
  Device: None (F1:F8:A2:33:B1:76)
  Device: None (6E:76:D2:75:EA:54)
  Device: None (F0:27:FA:5D:D5:2C)
No Aeroband found, will retry in 5 seconds
Chord changed to: E Major
Auto-connecting to Aeroband...
Starting BLE scan...
Found 26 devices
  Device: Govee_H6022_5570 (DB:B9:86:06:55:70)
  Device: None (67:9E:04:71:10:0E)
  Device: None (62:87:0E:5F:D7:D4)
  Device: RevPLC (C1:8B:48:11:6F:FF)
  Device: None (C0:23:8D:E6:DD:4C)
  Device: S&B VOLCANO H (CE:6D:47:B6:23:C2)
  Device: None (C4:F7:C1:24:00:EE)
  Device: None (54:9E:3F:8C:1D:49)
  Device: None (A8:51:AB:9C:17:68)
  Device: S18 A878 LE (F3:33:D0:F6:9B:26)
  Device: None (C4:F7:C1:0D:FE:A7)
  Device: None (78:8F:4A:1D:E9:05)
  Device: TUYA_ (3C:0B:59:EE:7F:9B)
  Device: None (44:36:B4:6B:D0:47)
  Device: None (F0:27:FA:5D:D5:2C)
  Device: S17 54DA LE (E7:A7:59:FE:77:A7)
  Device: None (66:85:6A:92:DB:42)
  Device: None (FF:A6:E9:CC:FF:99)
  Device: None (6C:21:B1:34:70:61)
  Device: S18 A812 LE (F3:33:6A:F6:23:9C)
  Device: None (70:E3:84:4F:99:71)
  Device: None (58:D3:49:F2:CE:B2)
  Device: None (45:0D:67:B5:6D:32)
  Device: AeroBand Midi 412b (DB:48:C3:06:41:2B)
    -> Found Aeroband!
Connecting to AeroBand Midi 412b at DB:48:C3:06:41:2B
Successfully connected!
Chord changed to: E Major
Auto-connecting to Aeroband...
Starting BLE scan...
Found 27 devices
  Device: RevPLC (C1:8B:48:11:6F:FF)
  Device: TUYA_ (3C:0B:59:EE:7F:9B)
  Device: S&B VOLCANO H (CE:6D:47:B6:23:C2)
  Device: None (4B:84:B7:0B:81:D7)
  Device: S18 A878 LE (F3:33:D0:F6:9B:26)
  Device: S18 A812 LE (F3:33:6A:F6:23:9C)
  Device: Govee_H6022_5570 (DB:B9:86:06:55:70)
  Device: AeroBand Midi 412b (DB:48:C3:06:41:2B)
    -> Found Aeroband!
Connecting to AeroBand Midi 412b at DB:48:C3:06:41:2B
Successfully connected!
Chord changed to: E Major
Auto-connecting to Aeroband...
Starting BLE scan...
Found 25 devices
  Device: RevPLC (C1:8B:48:11:6F:FF)
  Device: None (4B:84:B7:0B:81:D7)
  Device: S18 A812 LE (F3:33:6A:F6:23:9C)
  Device: None (6A:57:86:DE:6F:4F)
  Device: TUYA_ (3C:0B:59:EE:7F:9B)
  Device: None (58:D3:49:F2:CE:B2)
  Device: None (67:B8:FF:25:DB:DA)
  Device: None (4C:5B:2B:D8:FF:6A)
  Device: S18 A878 LE (F3:33:D0:F6:9B:26)
  Device: S&B VOLCANO H (CE:6D:47:B6:23:C2)
  Device: AeroBand Midi 412b (DB:48:C3:06:41:2B)
    -> Found Aeroband!
Connecting to AeroBand Midi 412b at DB:48:C3:06:41:2B
Successfully connected!
Chord changed to: E Major
Auto-connecting to Aeroband...
Starting BLE scan...
Found 24 devices
  Device: S18 A878 LE (F3:33:D0:F6:9B:26)
  Device: S18 A812 LE (F3:33:6A:F6:23:9C)
  Device: RevPLC (C1:8B:48:11:6F:FF)
  Device: None (C4:F7:C1:0D:FE:A7)
  Device: Spark 2 BLE (D8:3B:DA:AB:23:B6)
  Device: None (73:94:B5:C2:F8:B0)
  Device: S&B VOLCANO H (CE:6D:47:B6:23:C2)
  Device: None (61:CC:91:9E:5F:68)
  Device: Govee_H6022_5570 (DB:B9:86:06:55:70)
  Device: None (C0:23:8D:E6:DD:4C)
  Device: None (3C:0B:59:EE:8B:C9)
  Device: None (A8:51:AB:9C:17:68)
  Device: None (65:D2:93:DD:D7:ED)
  Device: None (58:D3:49:F2:CE:B2)
  Device: TUYA_ (3C:0B:59:EE:7F:9B)
  Device: S17 54DA LE (E7:A7:59:FE:77:A7)
  Device: None (58:0A:90:F4:C0:4F)
  Device: None (78:81:9E:B9:37:73)
  Device: None (6C:A1:29:F3:E4:E4)
  Device: None (4C:0B:81:41:49:DE)
  Device: None (D8:B7:8D:0F:D9:5F)
  Device: None (53:7C:06:27:EE:33)
  Device: None (5E:9F:09:EF:3B:D0)
  Device: None (C4:F7:C1:24:00:EE)
No Aeroband found, will retry in 5 seconds
Chord changed to: E Major
Auto-connecting to Aeroband...
Starting BLE scan...
Found 26 devices
  Device: RevPLC (C1:8B:48:11:6F:FF)
  Device: Govee_H6022_5570 (DB:B9:86:06:55:70)
  Device: None (C4:F7:C1:24:00:EE)
  Device: S&B VOLCANO H (CE:6D:47:B6:23:C2)
  Device: Spark 2 BLE (D8:3B:DA:AB:23:B6)
  Device: TUYA_ (3C:0B:59:EE:7F:9B)
  Device: None (58:0A:90:F4:C0:4F)
  Device: None (53:7C:06:27:EE:33)
  Device: None (61:CC:91:9E:5F:68)
  Device: None (C4:F7:C1:0D:FE:A7)
  Device: None (4C:0B:81:41:49:DE)
  Device: S17 54DA LE (E7:A7:59:FE:77:A7)
  Device: None (6B:68:89:35:93:A1)
  Device: None (A8:51:AB:9C:17:68)
  Device: None (73:94:B5:C2:F8:B0)
  Device: S18 A878 LE (F3:33:D0:F6:9B:26)
  Device: S18 A812 LE (F3:33:6A:F6:23:9C)
  Device: None (6C:A1:29:F3:E4:E4)
  Device: None (6D:43:6A:BD:44:95)
  Device: AeroBand Midi 412b (DB:48:C3:06:41:2B)
    -> Found Aeroband!
Connecting to AeroBand Midi 412b at DB:48:C3:06:41:2B
Successfully connected!
Chord changed to: E Major
Auto-connecting to Aeroband...
Starting BLE scan...
Found 25 devices
  Device: None (C0:23:8D:E6:DD:4C)
  Device: Spark 2 BLE (D8:3B:DA:AB:23:B6)
  Device: None (4C:0B:81:41:49:DE)
  Device: None (53:7C:06:27:EE:33)
  Device: S17 54DA LE (E7:A7:59:FE:77:A7)
  Device: RevPLC (C1:8B:48:11:6F:FF)
  Device: TUYA_ (3C:0B:59:EE:7F:9B)
  Device: S18 A878 LE (F3:33:D0:F6:9B:26)
  Device: S&B VOLCANO H (CE:6D:47:B6:23:C2)
  Device: None (A8:51:AB:9C:17:68)
  Device: None (58:D3:49:F2:CE:B2)
  Device: None (C4:F7:C1:0D:FE:A7)
  Device: None (3C:0B:59:EE:8B:C9)
  Device: None (C8:17:8B:E8:1C:EB)
  Device: None (65:D2:93:DD:D7:ED)
  Device: Govee_H6022_5570 (DB:B9:86:06:55:70)
  Device: None (6C:A1:29:F3:E4:E4)
  Device: None (C4:F7:C1:24:00:EE)
  Device: None (61:CC:91:9E:5F:68)
  Device: S18 A812 LE (F3:33:6A:F6:23:9C)
  Device: None (6B:68:89:35:93:A1)
  Device: None (73:94:B5:C2:F8:B0)
  Device: None (74:AF:B7:44:57:FE)
  Device: AeroBand Midi 412b (DB:48:C3:06:41:2B)
    -> Found Aeroband!
Connecting to AeroBand Midi 412b at DB:48:C3:06:41:2B
Successfully connected!
Chord changed to: E Major
Auto-connecting to Aeroband...
Starting BLE scan...
Found 26 devices
  Device: None (61:CC:91:9E:5F:68)
  Device: None (C4:F7:C1:0D:FE:A7)
  Device: TUYA_ (3C:0B:59:EE:7F:9B)
  Device: Govee_H6022_5570 (DB:B9:86:06:55:70)
  Device: None (4C:0B:81:41:49:DE)
  Device: None (74:AF:B7:44:57:FE)
  Device: RevPLC (C1:8B:48:11:6F:FF)
  Device: S&B VOLCANO H (CE:6D:47:B6:23:C2)
  Device: Spark 2 BLE (D8:3B:DA:AB:23:B6)
  Device: None (58:0A:90:F4:C0:4F)
  Device: S18 A878 LE (F3:33:D0:F6:9B:26)
  Device: None (65:D2:93:DD:D7:ED)
  Device: None (53:7C:06:27:EE:33)
  Device: None (A8:51:AB:9C:17:68)
  Device: None (C0:23:8D:E6:DD:4C)
  Device: AeroBand Midi 412b (DB:48:C3:06:41:2B)
    -> Found Aeroband!
Connecting to AeroBand Midi 412b at DB:48:C3:06:41:2B
Successfully connected!
Chord changed to: E Major
Auto-connecting to Aeroband...
Starting BLE scan...
Found 26 devices
  Device: S18 A878 LE (F3:33:D0:F6:9B:26)
  Device: Govee_H6022_5570 (DB:B9:86:06:55:70)
  Device: S18 A812 LE (F3:33:6A:F6:23:9C)
  Device: None (58:0A:90:F4:C0:4F)
  Device: RevPLC (C1:8B:48:11:6F:FF)
  Device: TUYA_ (3C:0B:59:EE:7F:9B)
  Device: S&B VOLCANO H (CE:6D:47:B6:23:C2)
  Device: Spark 2 BLE (D8:3B:DA:AB:23:B6)
  Device: None (A8:51:AB:9C:17:68)
  Device: AeroBand Midi 412b (DB:48:C3:06:41:2B)
    -> Found Aeroband!
Connecting to AeroBand Midi 412b at DB:48:C3:06:41:2B
Successfully connected!
Chord changed to: E Major
Auto-connecting to Aeroband...
Starting BLE scan...
Found 26 devices
  Device: None (C4:F7:C1:24:00:EE)
  Device: Spark 2 BLE (D8:3B:DA:AB:23:B6)
  Device: AeroBand Midi 412b (DB:48:C3:06:41:2B)
    -> Found Aeroband!
Connecting to AeroBand Midi 412b at DB:48:C3:06:41:2B
Successfully connected!
Chord changed to: E Major
Auto-connecting to Aeroband...
Starting BLE scan...
Found 23 devices
  Device: None (6B:68:89:35:93:A1)
  Device: S18 A878 LE (F3:33:D0:F6:9B:26)
  Device: S&B VOLCANO H (CE:6D:47:B6:23:C2)
  Device: Spark 2 BLE (D8:3B:DA:AB:23:B6)
  Device: TUYA_ (3C:0B:59:EE:7F:9B)
  Device: None (F1:F8:A2:33:B1:76)
  Device: None (D8:B7:8D:0F:D9:5F)
  Device: S18 A812 LE (F3:33:6A:F6:23:9C)
  Device: None (C0:23:8D:E6:DD:4C)
  Device: RevPLC (C1:8B:48:11:6F:FF)
  Device: None (74:4B:AC:30:7D:7F)
  Device: None (C4:F7:C1:0D:FE:A7)
  Device: Govee_H6022_5570 (DB:B9:86:06:55:70)
  Device: None (44:CA:31:5C:C4:1A)
  Device: None (58:D3:49:F2:CE:B2)
  Device: None (4C:0B:81:41:49:DE)
  Device: None (58:0A:90:F4:C0:4F)
  Device: S17 54DA LE (E7:A7:59:FE:77:A7)
  Device: None (41:6B:79:D2:25:E5)
  Device: None (A8:51:AB:9C:17:68)
  Device: None (6F:CC:EF:B8:91:BF)
  Device: None (C4:F7:C1:24:00:EE)
  Device: None (58:0F:81:FF:DB:66)
No Aeroband found, will retry in 5 seconds
Chord changed to: E Major
Auto-connecting to Aeroband...
Starting BLE scan...
Found 26 devices
  Device: Spark 2 BLE (D8:3B:DA:AB:23:B6)
  Device: RevPLC (C1:8B:48:11:6F:FF)
  Device: None (C4:F7:C1:24:00:EE)
  Device: S&B VOLCANO H (CE:6D:47:B6:23:C2)
  Device: S18 A812 LE (F3:33:6A:F6:23:9C)
  Device: None (A8:51:AB:9C:17:68)
  Device: None (4C:0B:81:41:49:DE)
  Device: None (58:D3:49:F2:CE:B2)
  Device: Govee_H6022_5570 (DB:B9:86:06:55:70)
  Device: None (C4:F7:C1:0D:FE:A7)
  Device: S18 A878 LE (F3:33:D0:F6:9B:26)
  Device: TUYA_ (3C:0B:59:EE:7F:9B)
  Device: None (41:6B:79:D2:25:E5)
  Device: AeroBand Midi 412b (DB:48:C3:06:41:2B)
    -> Found Aeroband!
Connecting to AeroBand Midi 412b at DB:48:C3:06:41:2B
Successfully connected!
Chord changed to: E Major
Auto-connecting to Aeroband...
Starting BLE scan...
Found 25 devices
  Device: RevPLC (C1:8B:48:11:6F:FF)
  Device: None (E7:A7:59:FE:77:A7)
  Device: None (A8:51:AB:9C:17:68)
  Device: None (44:CA:31:5C:C4:1A)
  Device: [TV] Samsung TU700D 55 TV (C0:23:8D:E6:DD:4C)
  Device: None (C8:A6:02:4C:1F:95)
  Device: TUYA_ (3C:0B:59:EE:7F:9B)
  Device: None (C4:F7:C1:24:00:EE)
  Device: AeroBand Midi 412b (DB:48:C3:06:41:2B)
    -> Found Aeroband!
Connecting to AeroBand Midi 412b at DB:48:C3:06:41:2B
Successfully connected!
Chord changed to: E Major
Auto-connecting to Aeroband...
Starting BLE scan...
Found 24 devices
  Device: None (6E:07:59:8A:60:2E)
  Device: None (75:F8:85:57:91:49)
  Device: Govee_H6022_5570 (DB:B9:86:06:55:70)
  Device: None (61:6B:02:10:35:95)
  Device: None (3C:0B:59:EE:8B:C9)
  Device: RevPLC (C1:8B:48:11:6F:FF)
  Device: None (42:07:D1:9A:26:39)
  Device: TUYA_ (3C:0B:59:EE:7F:9B)
  Device: S&B VOLCANO H (CE:6D:47:B6:23:C2)
  Device: None (C0:23:8D:E6:DD:4C)
  Device: S18 A878 LE (F3:33:D0:F6:9B:26)
  Device: None (A8:51:AB:9C:17:68)
  Device: None (7B:E0:90:2F:3D:B4)
  Device: None (54:10:4F:7C:DE:CD)
  Device: None (64:4D:01:E2:7F:89)
  Device: None (55:ED:A1:68:9E:6B)
  Device: None (C4:F7:C1:24:00:EE)
  Device: None (58:D3:49:F2:CE:B2)
  Device: S18 A812 LE (F3:33:6A:F6:23:9C)
  Device: S17 54DA LE (E7:A7:59:FE:77:A7)
  Device: AeroBand Midi 412b (DB:48:C3:06:41:2B)
    -> Found Aeroband!
Connecting to AeroBand Midi 412b at DB:48:C3:06:41:2B
Successfully connected!
Chord changed to: E Major
Auto-connecting to Aeroband...
Starting BLE scan...
Found 24 devices
  Device: RevPLC (C1:8B:48:11:6F:FF)
  Device: S18 A878 LE (F3:33:D0:F6:9B:26)
  Device: None (7A:68:62:F2:0C:0C)
  Device: AeroBand Midi 412b (DB:48:C3:06:41:2B)
    -> Found Aeroband!
Connecting to AeroBand Midi 412b at DB:48:C3:06:41:2B
Successfully connected!
Chord changed to: E Major
Auto-connecting to Aeroband...
Starting BLE scan...
Found 26 devices
  Device: S17 54DA LE (E7:A7:59:FE:77:A7)
  Device: None (F9:50:17:91:48:DF)
  Device: RevPLC (C1:8B:48:11:6F:FF)
  Device: None (C4:F7:C1:24:00:EE)
  Device: None (7D:18:7C:13:E0:04)
  Device: S18 A878 LE (F3:33:D0:F6:9B:26)
  Device: S&B VOLCANO H (CE:6D:47:B6:23:C2)
  Device: None (58:D3:49:F2:CE:B2)
  Device: None (77:78:BE:F0:3E:3D)
  Device: None (5C:49:7D:7B:7A:3D)
  Device: None (62:A1:FF:CD:60:93)
  Device: Govee_H6022_5570 (DB:B9:86:06:55:70)
  Device: None (5C:78:C0:17:C3:34)
  Device: None (41:A4:E3:24:3A:61)
  Device: None (5F:10:08:D5:97:A6)
  Device: AeroBand Midi 412b (DB:48:C3:06:41:2B)
    -> Found Aeroband!
Connecting to AeroBand Midi 412b at DB:48:C3:06:41:2B
Successfully connected!
Chord changed to: E Major
Auto-connecting to Aeroband...
Starting BLE scan...
Found 24 devices
  Device: S&B VOLCANO H (CE:6D:47:B6:23:C2)
  Device: RevPLC (C1:8B:48:11:6F:FF)
  Device: S17 54DA LE (E7:A7:59:FE:77:A7)
  Device: TUYA_ (3C:0B:59:EE:7F:9B)
  Device: None (45:F2:D5:96:95:5A)
  Device: None (7D:18:7C:13:E0:04)
  Device: None (C0:23:8D:E6:DD:4C)
  Device: None (62:A1:FF:CD:60:93)
  Device: None (41:A4:E3:24:3A:61)
  Device: S18 A812 LE (F3:33:6A:F6:23:9C)
  Device: None (A8:51:AB:9C:17:68)
  Device: None (48:D4:66:BE:F3:78)
  Device: None (76:1F:16:EE:B8:1D)
  Device: None (5E:B4:92:30:7B:50)
  Device: None (C4:F7:C1:0D:FE:A7)
  Device: Govee_H6022_5570 (DB:B9:86:06:55:70)
  Device: None (F1:F8:A2:33:B1:76)
  Device: AeroBand Midi 412b (DB:48:C3:06:41:2B)
    -> Found Aeroband!
Connecting to AeroBand Midi 412b at DB:48:C3:06:41:2B
Successfully connected!
Chord changed to: E Major
Auto-connecting to Aeroband...
Starting BLE scan...
Found 23 devices
  Device: None (58:D3:49:F2:CE:B2)
  Device: S18 A878 LE (F3:33:D0:F6:9B:26)
  Device: None (C4:F7:C1:24:00:EE)
  Device: None (41:A4:E3:24:3A:61)
  Device: S&B VOLCANO H (CE:6D:47:B6:23:C2)
  Device: RevPLC (C1:8B:48:11:6F:FF)
  Device: None (C4:F7:C1:0D:FE:A7)
  Device: None (5C:49:7D:7B:7A:3D)
  Device: None (A8:51:AB:9C:17:68)
  Device: TUYA_ (3C:0B:59:EE:7F:9B)
  Device: AeroBand Midi 412b (DB:48:C3:06:41:2B)
    -> Found Aeroband!
Connecting to AeroBand Midi 412b at DB:48:C3:06:41:2B
Successfully connected!
Chord changed to: E Major
Auto-connecting to Aeroband...
Starting BLE scan...
Found 26 devices
  Device: None (C0:23:8D:E6:DD:4C)
  Device: S&B VOLCANO H (CE:6D:47:B6:23:C2)
  Device: RevPLC (C1:8B:48:11:6F:FF)
  Device: None (5E:CA:D7:6B:AB:89)
  Device: None (70:BA:14:DE:56:07)
  Device: TUYA_ (3C:0B:59:EE:7F:9B)
  Device: S17 54DA LE (E7:A7:59:FE:77:A7)
  Device: None (56:12:98:42:60:D5)
  Device: S18 A878 LE (F3:33:D0:F6:9B:26)
  Device: None (4F:02:E6:6D:06:44)
  Device: Govee_H6022_5570 (DB:B9:86:06:55:70)
  Device: None (51:4E:45:77:6A:F7)
  Device: None (64:0A:34:DA:85:E8)
  Device: None (57:F7:03:86:4C:C4)
  Device: None (C4:F7:C1:24:00:EE)
  Device: S18 A812 LE (F3:33:6A:F6:23:9C)
  Device: None (A8:51:AB:9C:17:68)
  Device: None (4A:78:A7:1D:78:F1)
  Device: None (46:0F:32:11:F9:A7)
  Device: None (C4:F7:C1:0D:FE:A7)
  Device: None (D8:B7:8D:0F:D9:5F)
  Device: None (F6:CF:51:49:01:92)
  Device: None (53:07:13:2C:BF:9A)
  Device: None (C1:68:3F:48:07:98)
  Device: AeroBand Midi 412b (DB:48:C3:06:41:2B)
    -> Found Aeroband!
Connecting to AeroBand Midi 412b at DB:48:C3:06:41:2B
Successfully connected!
Chord changed to: E Major
Auto-connecting to Aeroband...
Starting BLE scan...
Found 27 devices
  Device: S18 A878 LE (F3:33:D0:F6:9B:26)
  Device: None (C4:F7:C1:0D:FE:A7)
  Device: None (A8:51:AB:9C:17:68)
  Device: RevPLC (C1:8B:48:11:6F:FF)
  Device: None (45:57:FD:8C:8E:02)
  Device: S18 A812 LE (F3:33:6A:F6:23:9C)
  Device: None (58:D3:49:F2:CE:B2)
  Device: S&B VOLCANO H (CE:6D:47:B6:23:C2)
  Device: AeroBand Midi 412b (DB:48:C3:06:41:2B)
    -> Found Aeroband!
Connecting to AeroBand Midi 412b at DB:48:C3:06:41:2B
Successfully connected!
Chord changed to: E Major
Auto-connecting to Aeroband...
Starting BLE scan...
Found 23 devices
  Device: TUYA_ (3C:0B:59:EE:7F:9B)
  Device: None (C0:23:8D:E6:DD:4C)
  Device: S18 A878 LE (F3:33:D0:F6:9B:26)
  Device: RevPLC (C1:8B:48:11:6F:FF)
  Device: Govee_H6022_5570 (DB:B9:86:06:55:70)
  Device: None (45:67:2B:C2:37:AA)
  Device: None (4C:37:56:ED:BA:A9)
  Device: None (A8:51:AB:9C:17:68)
  Device: None (C4:F7:C1:0D:FE:A7)
  Device: S&B VOLCANO H (CE:6D:47:B6:23:C2)
  Device: S17 54DA LE (E7:A7:59:FE:77:A7)
  Device: S18 A812 LE (F3:33:6A:F6:23:9C)
  Device: None (5B:6B:22:C5:94:DD)
  Device: None (40:9C:42:4B:EC:FF)
  Device: None (56:12:98:42:60:D5)
  Device: None (58:D3:49:F2:CE:B2)
  Device: None (4C:18:A9:C7:3E:91)
  Device: AeroBand Midi 412b (DB:48:C3:06:41:2B)
    -> Found Aeroband!
Connecting to AeroBand Midi 412b at DB:48:C3:06:41:2B
Successfully connected!
Chord changed to: E Major
Auto-connecting to Aeroband...
Starting BLE scan...
Found 25 devices
  Device: None (41:43:4B:9B:79:FC)
  Device: Govee_H6022_5570 (DB:B9:86:06:55:70)
  Device: None (E7:A7:59:FE:77:A7)
  Device: None (5B:6B:22:C5:94:DD)
  Device: None (4C:37:56:ED:BA:A9)
  Device: TUYA_ (3C:0B:59:EE:7F:9B)
  Device: S&B VOLCANO H (CE:6D:47:B6:23:C2)
  Device: None (45:57:FD:8C:8E:02)
  Device: S18 A878 LE (F3:33:D0:F6:9B:26)
  Device: AeroBand Midi 412b (DB:48:C3:06:41:2B)
    -> Found Aeroband!
Connecting to AeroBand Midi 412b at DB:48:C3:06:41:2B
Successfully connected!
Chord changed to: E Major
Auto-connecting to Aeroband...
Starting BLE scan...
Found 24 devices
  Device: None (5B:6B:22:C5:94:DD)
  Device: S18 A812 LE (F3:33:6A:F6:23:9C)
  Device: None (40:9C:42:4B:EC:FF)
  Device: TUYA_ (3C:0B:59:EE:7F:9B)
  Device: S18 A878 LE (F3:33:D0:F6:9B:26)
  Device: S&B VOLCANO H (CE:6D:47:B6:23:C2)
  Device: None (A8:51:AB:9C:17:68)
  Device: RevPLC (C1:8B:48:11:6F:FF)
  Device: None (C4:F7:C1:0D:FE:A7)
  Device: None (56:12:98:42:60:D5)
  Device: S17 54DA LE (E7:A7:59:FE:77:A7)
  Device: None (C0:23:8D:E6:DD:4C)
  Device: None (4C:37:56:ED:BA:A9)
  Device: AeroBand Midi 412b (DB:48:C3:06:41:2B)
    -> Found Aeroband!
Connecting to AeroBand Midi 412b at DB:48:C3:06:41:2B
Successfully connected!
Chord changed to: E Major
Auto-connecting to Aeroband...
Starting BLE scan...
Found 24 devices
  Device: S&B VOLCANO H (CE:6D:47:B6:23:C2)
  Device: None (60:73:7A:EE:95:9D)
  Device: RevPLC (C1:8B:48:11:6F:FF)
  Device: S18 A878 LE (F3:33:D0:F6:9B:26)
  Device: Spark 2 BLE (D8:3B:DA:AB:23:B6)
  Device: None (58:D3:49:F2:CE:B2)
  Device: None (C4:F7:C1:24:00:EE)
  Device: TUYA_ (3C:0B:59:EE:7F:9B)
  Device: None (44:05:FD:AD:F2:27)
  Device: None (6A:C8:75:48:2E:82)
  Device: None (C0:23:8D:E6:DD:4C)
  Device: None (C4:F7:C1:0D:FE:A7)
  Device: S18 A812 LE (F3:33:6A:F6:23:9C)
  Device: None (7E:F0:0A:9D:D4:55)
  Device: S17 54DA LE (E7:A7:59:FE:77:A7)
  Device: Govee_H6022_5570 (DB:B9:86:06:55:70)
  Device: AeroBand Midi 412b (DB:48:C3:06:41:2B)
    -> Found Aeroband!
Connecting to AeroBand Midi 412b at DB:48:C3:06:41:2B
Successfully connected!
Chord changed to: E Major
Auto-connecting to Aeroband...
Starting BLE scan...
Found 27 devices
  Device: S&B VOLCANO H (CE:6D:47:B6:23:C2)
  Device: S18 A878 LE (F3:33:D0:F6:9B:26)
  Device: RevPLC (C1:8B:48:11:6F:FF)
  Device: None (44:05:FD:AD:F2:27)
  Device: None (66:E3:9D:28:85:2E)
  Device: None (A8:51:AB:9C:17:68)
  Device: S17 54DA LE (E7:A7:59:FE:77:A7)
  Device: Spark 2 BLE (D8:3B:DA:AB:23:B6)
  Device: S18 A812 LE (F3:33:6A:F6:23:9C)
  Device: None (6A:C8:75:48:2E:82)
  Device: None (6C:AF:28:72:F1:63)
  Device: None (58:86:57:E7:63:CA)
  Device: None (5D:51:0E:19:BA:FF)
  Device: Govee_H6022_5570 (DB:B9:86:06:55:70)
  Device: None (58:D3:49:F2:CE:B2)
  Device: None (C0:23:8D:E6:DD:4C)
  Device: None (4B:82:3A:68:DF:8A)
  Device: None (D1:AA:EA:9F:00:C7)
  Device: None (C4:F7:C1:0D:FE:A7)
  Device: None (C4:F7:C1:24:00:EE)
  Device: TUYA_ (3C:0B:59:EE:7F:9B)
  Device: None (48:C8:AB:06:17:8B)
  Device: None (73:81:6A:F7:95:92)
  Device: None (5C:7D:D9:C9:7C:15)
  Device: None (F1:F8:A2:33:B1:76)
  Device: TUYA_ (3C:0B:59:EE:8B:C9)
  Device: None (5C:49:7D:7B:7A:3D)
No Aeroband found, will retry in 5 seconds
Chord changed to: E Major
Auto-connecting to Aeroband...
Starting BLE scan...
Found 26 devices
  Device: RevPLC (C1:8B:48:11:6F:FF)
  Device: AeroBand Midi 412b (DB:48:C3:06:41:2B)
    -> Found Aeroband!
Connecting to AeroBand Midi 412b at DB:48:C3:06:41:2B
Successfully connected!
Chord changed to: E Major
Auto-connecting to Aeroband...
Starting BLE scan...
Found 25 devices
  Device: None (C4:F7:C1:0D:FE:A7)
  Device: Spark GO BLE (F7:EB:ED:10:9E:BD)
  Device: S18 A812 LE (F3:33:6A:F6:23:9C)
  Device: None (58:13:A6:A5:68:31)
  Device: S&B VOLCANO H (CE:6D:47:B6:23:C2)
  Device: None (58:D3:49:F2:CE:B2)
  Device: AeroBand Midi 412b (DB:48:C3:06:41:2B)
    -> Found Aeroband!
Connecting to AeroBand Midi 412b at DB:48:C3:06:41:2B
Successfully connected!
Chord changed to: E Major
Auto-connecting to Aeroband...
Starting BLE scan...
Found 24 devices
  Device: S&B VOLCANO H (CE:6D:47:B6:23:C2)
  Device: TUYA_ (3C:0B:59:EE:7F:9B)
  Device: S18 A812 LE (F3:33:6A:F6:23:9C)
  Device: None (6B:CD:FE:2B:6A:EF)
  Device: None (48:C3:69:33:BF:50)
  Device: None (6D:91:0A:AA:44:88)
  Device: RevPLC (C1:8B:48:11:6F:FF)
  Device: None (3C:0B:59:EE:8B:C9)
  Device: S18 A878 LE (F3:33:D0:F6:9B:26)
  Device: None (C4:F7:C1:0D:FE:A7)
  Device: None (6F:6F:B9:FF:14:3A)
  Device: S17 54DA LE (E7:A7:59:FE:77:A7)
  Device: None (6E:12:2D:06:EC:77)
  Device: Govee_H6022_5570 (DB:B9:86:06:55:70)
  Device: None (6E:06:96:08:E3:DF)
  Device: AeroBand Midi 412b (DB:48:C3:06:41:2B)
    -> Found Aeroband!
Connecting to AeroBand Midi 412b at DB:48:C3:06:41:2B
Successfully connected!
Chord changed to: E Major
Auto-connecting to Aeroband...
Starting BLE scan...
Found 27 devices
  Device: S18 A812 LE (F3:33:6A:F6:23:9C)
  Device: S&B VOLCANO H (CE:6D:47:B6:23:C2)
  Device: RevPLC (C1:8B:48:11:6F:FF)
  Device: None (56:95:3B:7E:EF:30)
  Device: S17 54DA LE (E7:A7:59:FE:77:A7)
  Device: None (D9:7B:83:85:66:6C)
  Device: S18 A878 LE (F3:33:D0:F6:9B:26)
  Device: None (4C:DC:50:DC:91:1F)
  Device: None (6B:C7:49:E0:2D:8E)
  Device: None (6F:43:20:E0:7B:2B)
  Device: None (C0:23:8D:E6:DD:4C)
  Device: None (66:37:27:7A:BD:A8)
  Device: None (51:FF:A4:20:61:BF)
  Device: None (D4:EA:61:76:C7:E9)
  Device: AeroBand Midi 412b (DB:48:C3:06:41:2B)
    -> Found Aeroband!
Connecting to AeroBand Midi 412b at DB:48:C3:06:41:2B
Successfully connected!
Chord changed to: E Major
Auto-connecting to Aeroband...
Starting BLE scan...
Found 27 devices
  Device: None (63:A7:57:7E:72:59)
  Device: RevPLC (C1:8B:48:11:6F:FF)
  Device: None (59:B3:23:0A:29:B5)
  Device: S17 54DA LE (E7:A7:59:FE:77:A7)
  Device: None (56:95:3B:7E:EF:30)
  Device: None (C4:F7:C1:0D:FE:A7)
  Device: TUYA_ (3C:0B:59:EE:7F:9B)
  Device: None (64:86:51:7A:EA:BC)
  Device: S18 A878 LE (F3:33:D0:F6:9B:26)
  Device: S18 A812 LE (F3:33:6A:F6:23:9C)
  Device: Spark 2 BLE (D8:3B:DA:AB:23:B6)
  Device: None (C0:23:8D:E6:DD:4C)
  Device: Govee_H6022_5570 (DB:B9:86:06:55:70)
  Device: S&B VOLCANO H (CE:6D:47:B6:23:C2)
  Device: None (66:97:43:00:DC:97)
  Device: None (66:37:27:7A:BD:A8)
  Device: None (A8:51:AB:9C:17:68)
  Device: TUYA_ (3C:0B:59:EE:8B:C9)
  Device: None (6B:C7:49:E0:2D:8E)
  Device: None (5C:49:7D:7B:7A:3D)
  Device: None (51:FF:A4:20:61:BF)
  Device: None (58:07:45:0D:82:A4)
  Device: None (C4:F7:C1:24:00:EE)
  Device: None (58:D3:49:F2:CE:B2)
  Device: AeroBand Midi 412b (DB:48:C3:06:41:2B)
    -> Found Aeroband!
Connecting to AeroBand Midi 412b at DB:48:C3:06:41:2B
Successfully connected!
Chord changed to: E Major
Auto-connecting to Aeroband...
Starting BLE scan...
Found 26 devices
  Device: RevPLC (C1:8B:48:11:6F:FF)
  Device: None (6B:C7:49:E0:2D:8E)
  Device: Spark 2 BLE (D8:3B:DA:AB:23:B6)
  Device: S&B VOLCANO H (CE:6D:47:B6:23:C2)
  Device: None (56:95:3B:7E:EF:30)
  Device: None (C4:F7:C1:24:00:EE)
  Device: S18 A812 LE (F3:33:6A:F6:23:9C)
  Device: None (59:B3:23:0A:29:B5)
  Device: S17 54DA LE (E7:A7:59:FE:77:A7)
  Device: TUYA_ (3C:0B:59:EE:7F:9B)
  Device: None (C0:23:8D:E6:DD:4C)
  Device: Govee_H6022_5570 (DB:B9:86:06:55:70)
  Device: None (66:37:27:7A:BD:A8)
  Device: None (5C:49:7D:7B:7A:3D)
  Device: S18 A878 LE (F3:33:D0:F6:9B:26)
  Device: None (58:D3:49:F2:CE:B2)
  Device: None (C4:F7:C1:0D:FE:A7)
  Device: None (66:97:43:00:DC:97)
  Device: None (51:FF:A4:20:61:BF)
  Device: None (A8:51:AB:9C:17:68)
  Device: TUYA_ (3C:0B:59:EE:8B:C9)
  Device: None (F8:A4:36:61:A9:A9)
  Device: None (4C:DC:50:DC:91:1F)
  Device: None (D9:7B:83:85:66:6C)
  Device: None (64:86:51:7A:EA:BC)
  Device: None (58:07:45:0D:82:A4)
No Aeroband found, will retry in 5 seconds
Chord changed to: E Major
Auto-connecting to Aeroband...
Starting BLE scan...
Found 27 devices
  Device: S18 A812 LE (F3:33:6A:F6:23:9C)
  Device: S17 54DA LE (E7:A7:59:FE:77:A7)
  Device: S&B VOLCANO H (CE:6D:47:B6:23:C2)
  Device: RevPLC (C1:8B:48:11:6F:FF)
  Device: None (64:86:51:7A:EA:BC)
  Device: None (A8:51:AB:9C:17:68)
  Device: S18 A878 LE (F3:33:D0:F6:9B:26)
  Device: Govee_H6022_5570 (DB:B9:86:06:55:70)
  Device: None (C4:F7:C1:24:00:EE)
  Device: None (51:FF:A4:20:61:BF)
  Device: None (3C:0B:59:EE:8B:C9)
  Device: None (C4:F7:C1:0D:FE:A7)
  Device: None (56:95:3B:7E:EF:30)
  Device: Spark 2 BLE (D8:3B:DA:AB:23:B6)
  Device: None (D8:B7:8D:0F:D9:5F)
  Device: AeroBand Midi 412b (DB:48:C3:06:41:2B)
    -> Found Aeroband!
Connecting to AeroBand Midi 412b at DB:48:C3:06:41:2B
Successfully connected!
Chord changed to: E Major
Auto-connecting to Aeroband...
Starting BLE scan...
Found 25 devices
  Device: S18 A812 LE (F3:33:6A:F6:23:9C)
  Device: S&B VOLCANO H (CE:6D:47:B6:23:C2)
  Device: Spark 2 BLE (D8:3B:DA:AB:23:B6)
  Device: TUYA_ (3C:0B:59:EE:7F:9B)
  Device: None (C0:23:8D:E6:DD:4C)
  Device: None (56:95:3B:7E:EF:30)
  Device: None (4C:DC:50:DC:91:1F)
  Device: RevPLC (C1:8B:48:11:6F:FF)
  Device: None (51:FF:A4:20:61:BF)
  Device: None (58:D3:49:F2:CE:B2)
  Device: Govee_H6022_5570 (DB:B9:86:06:55:70)
  Device: None (C4:F7:C1:24:00:EE)
  Device: None (66:97:43:00:DC:97)
  Device: S18 A878 LE (F3:33:D0:F6:9B:26)
  Device: None (64:86:51:7A:EA:BC)
  Device: None (6B:C7:49:E0:2D:8E)
  Device: AeroBand Midi 412b (DB:48:C3:06:41:2B)
    -> Found Aeroband!
Connecting to AeroBand Midi 412b at DB:48:C3:06:41:2B
Successfully connected!
Chord changed to: E Major
Auto-connecting to Aeroband...
Starting BLE scan...
Found 27 devices
  Device: Spark 2 BLE (D8:3B:DA:AB:23:B6)
  Device: S18 A878 LE (F3:33:D0:F6:9B:26)
  Device: None (62:F9:6B:FF:2F:D3)
  Device: RevPLC (C1:8B:48:11:6F:FF)
  Device: TUYA_ (3C:0B:59:EE:7F:9B)
  Device: None (65:95:E2:0B:98:3B)
  Device: None (C4:F7:C1:24:00:EE)
  Device: None (4B:79:0E:EA:EB:FE)
  Device: Govee_H6022_5570 (DB:B9:86:06:55:70)
  Device: None (6B:C7:49:E0:2D:8E)
  Device: S&B VOLCANO H (CE:6D:47:B6:23:C2)
  Device: None (64:86:51:7A:EA:BC)
  Device: None (58:D3:49:F2:CE:B2)
  Device: None (A8:51:AB:9C:17:68)
  Device: S17 54DA LE (E7:A7:59:FE:77:A7)
  Device: None (D4:EA:61:76:C7:E9)
  Device: None (58:07:45:0D:82:A4)
  Device: None (66:97:43:00:DC:97)
  Device: S18 A812 LE (F3:33:6A:F6:23:9C)
  Device: None (51:FF:A4:20:61:BF)
  Device: TUYA_ (3C:0B:59:EE:8B:C9)
  Device: None (C0:23:8D:E6:DD:4C)
  Device: None (5C:49:7D:7B:7A:3D)
  Device: None (4E:52:73:39:E4:AA)
  Device: None (C4:F7:C1:0D:FE:A7)
  Device: None (4C:DC:50:DC:91:1F)
  Device: None (56:95:3B:7E:EF:30)
No Aeroband found, will retry in 5 seconds
Chord changed to: E Major
Auto-connecting to Aeroband...
Starting BLE scan...
Found 26 devices
  Device: S17 54DA LE (E7:A7:59:FE:77:A7)
  Device: Spark 2 BLE (D8:3B:DA:AB:23:B6)
  Device: None (4C:DC:50:DC:91:1F)
  Device: S&B VOLCANO H (CE:6D:47:B6:23:C2)
  Device: S18 A812 LE (F3:33:6A:F6:23:9C)
  Device: None (A8:51:AB:9C:17:68)
  Device: RevPLC (C1:8B:48:11:6F:FF)
  Device: None (C4:F7:C1:24:00:EE)
  Device: Govee_H6022_5570 (DB:B9:86:06:55:70)
  Device: None (C4:F7:C1:0D:FE:A7)
  Device: None (51:FF:A4:20:61:BF)
  Device: TUYA_ (3C:0B:59:EE:7F:9B)
  Device: S18 A878 LE (F3:33:D0:F6:9B:26)
  Device: TUYA_ (3C:0B:59:EE:8B:C9)
  Device: None (64:86:51:7A:EA:BC)
  Device: AeroBand Midi 412b (DB:48:C3:06:41:2B)
    -> Found Aeroband!
Connecting to AeroBand Midi 412b at DB:48:C3:06:41:2B
Successfully connected!
Chord changed to: A Major
Chord changed to: E Major
Auto-connecting to Aeroband...
Starting BLE scan...
Found 27 devices
  Device: RevPLC (C1:8B:48:11:6F:FF)
  Device: None (64:86:51:7A:EA:BC)
  Device: S17 54DA LE (E7:A7:59:FE:77:A7)
  Device: None (C0:23:8D:E6:DD:4C)
  Device: AeroBand Midi 412b (DB:48:C3:06:41:2B)
    -> Found Aeroband!
Connecting to AeroBand Midi 412b at DB:48:C3:06:41:2B
Successfully connected!
Chord changed to: A Major
Chord changed to: G Major
Chord changed to: C Major
Chord changed to: E Major
Auto-connecting to Aeroband...
Starting BLE scan...
Found 29 devices
  Device: S&B VOLCANO H (CE:6D:47:B6:23:C2)
  Device: RevPLC (C1:8B:48:11:6F:FF)
  Device: Spark 2 BLE (D8:3B:DA:AB:23:B6)
  Device: S18 A878 LE (F3:33:D0:F6:9B:26)
  Device: None (58:D3:49:F2:CE:B2)
  Device: S18 A812 LE (F3:33:6A:F6:23:9C)
  Device: TUYA_ (3C:0B:59:EE:7F:9B)
  Device: None (7B:6C:3A:4B:9F:E6)
  Device: None (C0:23:8D:E6:DD:4C)
  Device: Govee_H6022_5570 (DB:B9:86:06:55:70)
  Device: None (66:97:43:00:DC:97)
  Device: None (62:F9:6B:FF:2F:D3)
  Device: None (75:CD:07:CF:F1:59)
  Device: None (DF:32:AF:27:27:25)
  Device: None (65:95:E2:0B:98:3B)
  Device: None (D8:B7:8D:0F:D9:5F)
  Device: None (4E:52:73:39:E4:AA)
  Device: None (C4:F7:C1:0D:FE:A7)
  Device: None (C6:02:41:28:48:DA)
  Device: None (64:86:51:7A:EA:BC)
  Device: S17 54DA LE (E7:A7:59:FE:77:A7)
  Device: None (58:07:45:0D:82:A4)
  Device: AeroBand Midi 412b (DB:48:C3:06:41:2B)
    -> Found Aeroband!
Connecting to AeroBand Midi 412b at DB:48:C3:06:41:2B
Successfully connected!
Chord changed to: D Major
Chord changed to: Em
Chord changed to: F Major
Chord changed to: Am
Chord changed to: F Major
Chord changed to: G Major
Chord changed to: C Major
Chord changed to: F Major
Chord changed to: E Major
Auto-connecting to Aeroband...
Starting BLE scan...
Found 25 devices
  Device: None (65:95:E2:0B:98:3B)
  Device: None (C0:23:8D:E6:DD:4C)
  Device: None (6D:D3:59:7E:A2:3D)
  Device: RevPLC (C1:8B:48:11:6F:FF)
  Device: Spark 2 BLE (D8:3B:DA:AB:23:B6)
  Device: S&B VOLCANO H (CE:6D:47:B6:23:C2)
  Device: None (60:1D:5F:90:14:D7)
  Device: S17 54DA LE (E7:A7:59:FE:77:A7)
  Device: AeroBand Midi 412b (DB:48:C3:06:41:2B)
    -> Found Aeroband!
Connecting to AeroBand Midi 412b at DB:48:C3:06:41:2B
Successfully connected!
Chord changed to: C Major
Chord changed to: E Major
Auto-connecting to Aeroband...
Starting BLE scan...
Found 26 devices
  Device: RevPLC (C1:8B:48:11:6F:FF)
  Device: S&B VOLCANO H (CE:6D:47:B6:23:C2)
  Device: None (C0:23:8D:E6:DD:4C)
  Device: S18 A878 LE (F3:33:D0:F6:9B:26)
  Device: AeroBand Midi 412b (DB:48:C3:06:41:2B)
    -> Found Aeroband!
Connecting to AeroBand Midi 412b at DB:48:C3:06:41:2B
Successfully connected!
Chord changed to: E Major
Auto-connecting to Aeroband...
Starting BLE scan...
Found 27 devices
  Device: S&B VOLCANO H (CE:6D:47:B6:23:C2)
  Device: None (6C:5E:58:90:67:21)
  Device: Spark 2 BLE (D8:3B:DA:AB:23:B6)
  Device: TUYA_ (3C:0B:59:EE:7F:9B)
  Device: S18 A878 LE (F3:33:D0:F6:9B:26)
  Device: None (C0:23:8D:E6:DD:4C)
  Device: RevPLC (C1:8B:48:11:6F:FF)
  Device: S17 54DA LE (E7:A7:59:FE:77:A7)
  Device: None (51:97:28:84:2D:30)
  Device: None (44:1E:F0:B4:29:64)
  Device: S18 A812 LE (F3:33:6A:F6:23:9C)
  Device: None (4B:0E:10:3B:18:20)
  Device: None (A8:51:AB:9C:17:68)
  Device: None (6E:12:CB:20:88:8F)
  Device: None (58:D3:49:F2:CE:B2)
  Device: Govee_H6022_5570 (DB:B9:86:06:55:70)
  Device: None (51:91:41:06:42:1B)
  Device: None (3C:0B:59:EE:8B:C9)
  Device: None (C4:F7:C1:24:00:EE)
  Device: None (4A:27:5E:2E:BB:F0)
  Device: AeroBand Midi 412b (DB:48:C3:06:41:2B)
    -> Found Aeroband!
Connecting to AeroBand Midi 412b at DB:48:C3:06:41:2B
Successfully connected!
Chord changed to: E Major
Auto-connecting to Aeroband...
Starting BLE scan...
Found 28 devices
  Device: None (FA:0A:42:8B:5E:B7)
  Device: None (51:91:41:06:42:1B)
  Device: RevPLC (C1:8B:48:11:6F:FF)
  Device: Govee_H6022_5570 (DB:B9:86:06:55:70)
  Device: None (C4:F7:C1:0D:FE:A7)
  Device: S&B VOLCANO H (CE:6D:47:B6:23:C2)
  Device: TUYA_ (3C:0B:59:EE:7F:9B)
  Device: None (58:D3:49:F2:CE:B2)
  Device: Spark 2 BLE (D8:3B:DA:AB:23:B6)
  Device: None (6C:5E:58:90:67:21)
  Device: None (4B:0E:10:3B:18:20)
  Device: S18 A812 LE (F3:33:6A:F6:23:9C)
  Device: None (C4:F7:C1:24:00:EE)
  Device: None (C0:23:8D:E6:DD:4C)
  Device: None (63:D1:B6:4D:78:D4)
  Device: S17 54DA LE (E7:A7:59:FE:77:A7)
  Device: None (3C:0B:59:EE:8B:C9)
  Device: None (A8:51:AB:9C:17:68)
  Device: None (51:97:28:84:2D:30)
  Device: None (6E:12:CB:20:88:8F)
  Device: None (5F:E3:8D:4C:9F:D7)
  Device: S18 A878 LE (F3:33:D0:F6:9B:26)
  Device: None (5D:C9:39:82:D2:D2)
  Device: None (54:83:97:9A:A5:B8)
  Device: None (74:99:62:4F:8A:16)
  Device: None (5A:31:8E:00:F1:D9)
  Device: AeroBand Midi 412b (DB:48:C3:06:41:2B)
    -> Found Aeroband!
Connecting to AeroBand Midi 412b at DB:48:C3:06:41:2B
Successfully connected!
Chord changed to: E Major
Auto-connecting to Aeroband...
Starting BLE scan...
Found 26 devices
  Device: None (58:D3:49:F2:CE:B2)
  Device: S&B VOLCANO H (CE:6D:47:B6:23:C2)
  Device: RevPLC (C1:8B:48:11:6F:FF)
  Device: Spark 2 BLE (D8:3B:DA:AB:23:B6)
  Device: None (51:91:41:06:42:1B)
  Device: None (C0:23:8D:E6:DD:4C)
  Device: None (5D:C9:39:82:D2:D2)
  Device: None (A8:51:AB:9C:17:68)
  Device: None (C4:F7:C1:24:00:EE)
  Device: TUYA_ (3C:0B:59:EE:7F:9B)
  Device: AeroBand Midi 412b (DB:48:C3:06:41:2B)
    -> Found Aeroband!
Connecting to AeroBand Midi 412b at DB:48:C3:06:41:2B
Successfully connected!
Chord changed to: E Major
Auto-connecting to Aeroband...
Starting BLE scan...
Found 26 devices
  Device: None (73:98:0B:EB:BC:62)
  Device: None (40:85:11:D6:A8:FF)
  Device: None (C4:F7:C1:24:00:EE)
  Device: RevPLC (C1:8B:48:11:6F:FF)
  Device: S17 54DA LE (E7:A7:59:FE:77:A7)
  Device: None (40:EC:61:AB:3A:D4)
  Device: S&B VOLCANO H (CE:6D:47:B6:23:C2)
  Device: Spark 2 BLE (D8:3B:DA:AB:23:B6)
  Device: TUYA_ (3C:0B:59:EE:7F:9B)
  Device: S18 A812 LE (F3:33:6A:F6:23:9C)
  Device: None (C0:23:8D:E6:DD:4C)
  Device: None (58:D3:49:F2:CE:B2)
  Device: None (F9:24:C3:5B:C9:99)
  Device: None (60:34:50:6A:AE:0A)
  Device: None (4C:2A:67:ED:83:0A)
  Device: Govee_H6022_5570 (DB:B9:86:06:55:70)
  Device: None (70:14:57:02:2E:1A)
  Device: S18 A878 LE (F3:33:D0:F6:9B:26)
  Device: None (C4:80:58:55:48:45)
  Device: None (49:45:29:E4:6B:63)
  Device: None (C4:F7:C1:0D:FE:A7)
  Device: None (62:68:33:B8:FC:0E)
  Device: TUYA_ (3C:0B:59:EE:8B:C9)
  Device: None (A8:51:AB:9C:17:68)
  Device: AeroBand Midi 412b (DB:48:C3:06:41:2B)
    -> Found Aeroband!
Connecting to AeroBand Midi 412b at DB:48:C3:06:41:2B
Successfully connected!
Chord changed to: E Major
Auto-connecting to Aeroband...
Starting BLE scan...
Found 26 devices
  Device: S18 A878 LE (F3:33:D0:F6:9B:26)
  Device: None (60:34:50:6A:AE:0A)
  Device: None (73:7E:44:0D:A2:90)
  Device: None (40:EC:61:AB:3A:D4)
  Device: Spark 2 BLE (D8:3B:DA:AB:23:B6)
  Device: S18 A812 LE (F3:33:6A:F6:23:9C)
  Device: RevPLC (C1:8B:48:11:6F:FF)
  Device: Govee_H6022_5570 (DB:B9:86:06:55:70)
  Device: TUYA_ (3C:0B:59:EE:7F:9B)
  Device: None (45:44:E6:59:0A:94)
  Device: S&B VOLCANO H (CE:6D:47:B6:23:C2)
  Device: AeroBand Midi 412b (DB:48:C3:06:41:2B)
    -> Found Aeroband!
Connecting to AeroBand Midi 412b at DB:48:C3:06:41:2B
Successfully connected!
Chord changed to: E Major
Auto-connecting to Aeroband...
Starting BLE scan...
Found 26 devices
  Device: RevPLC (C1:8B:48:11:6F:FF)
  Device: None (C0:23:8D:E6:DD:4C)
  Device: None (73:7E:44:0D:A2:90)
  Device: S17 54DA LE (E7:A7:59:FE:77:A7)
  Device: None (A8:51:AB:9C:17:68)
  Device: S18 A878 LE (F3:33:D0:F6:9B:26)
  Device: Spark 2 BLE (D8:3B:DA:AB:23:B6)
  Device: None (5D:E6:61:00:90:9D)
  Device: Govee_H6022_5570 (DB:B9:86:06:55:70)
  Device: S&B VOLCANO H (CE:6D:47:B6:23:C2)
  Device: TUYA_ (3C:0B:59:EE:7F:9B)
  Device: None (C4:F7:C1:0D:FE:A7)
  Device: None (73:2C:30:8F:C1:22)
  Device: S18 A812 LE (F3:33:6A:F6:23:9C)
  Device: None (4C:2A:67:ED:83:0A)
  Device: None (40:85:11:D6:A8:FF)
  Device: None (C4:F7:C1:24:00:EE)
  Device: None (4C:65:BA:DA:41:53)
  Device: None (41:F6:5F:02:BB:E4)
  Device: None (70:14:57:02:2E:1A)
  Device: None (58:D3:49:F2:CE:B2)
  Device: None (F4:3A:16:C5:19:DC)
  Device: None (60:34:50:6A:AE:0A)
  Device: AeroBand Midi 412b (DB:48:C3:06:41:2B)
    -> Found Aeroband!
Connecting to AeroBand Midi 412b at DB:48:C3:06:41:2B
Successfully connected!
Chord changed to: E Major
Auto-connecting to Aeroband...
Starting BLE scan...
Found 27 devices
  Device: Spark 2 BLE (D8:3B:DA:AB:23:B6)
  Device: AeroBand Midi 412b (DB:48:C3:06:41:2B)
    -> Found Aeroband!
Connecting to AeroBand Midi 412b at DB:48:C3:06:41:2B
Successfully connected!
Chord changed to: E Major
Auto-connecting to Aeroband...
Starting BLE scan...
Found 24 devices
  Device: RevPLC (C1:8B:48:11:6F:FF)
  Device: S18 A812 LE (F3:33:6A:F6:23:9C)
  Device: S17 54DA LE (E7:A7:59:FE:77:A7)
  Device: None (73:7E:44:0D:A2:90)
  Device: TUYA_ (3C:0B:59:EE:7F:9B)
  Device: None (41:F6:5F:02:BB:E4)
  Device: S&B VOLCANO H (CE:6D:47:B6:23:C2)
  Device: Spark 2 BLE (D8:3B:DA:AB:23:B6)
  Device: None (7D:F3:B6:9B:59:21)
  Device: None (C0:23:8D:E6:DD:4C)
  Device: None (50:01:6B:30:9C:11)
  Device: Govee_H6022_5570 (DB:B9:86:06:55:70)
  Device: S18 A878 LE (F3:33:D0:F6:9B:26)
  Device: None (58:D3:49:F2:CE:B2)
  Device: None (60:34:50:6A:AE:0A)
  Device: AeroBand Midi 412b (DB:48:C3:06:41:2B)
    -> Found Aeroband!
Connecting to AeroBand Midi 412b at DB:48:C3:06:41:2B
Successfully connected!
Chord changed to: E Major
Auto-connecting to Aeroband...
Starting BLE scan...
Found 27 devices
  Device: RevPLC (C1:8B:48:11:6F:FF)
  Device: Spark 2 BLE (D8:3B:DA:AB:23:B6)
  Device: S&B VOLCANO H (CE:6D:47:B6:23:C2)
  Device: TUYA_ (3C:0B:59:EE:7F:9B)
  Device: S17 54DA LE (E7:A7:59:FE:77:A7)
  Device: None (4C:9D:E3:7F:9C:D0)
  Device: None (C4:F7:C1:0D:FE:A7)
  Device: None (A8:51:AB:9C:17:68)
  Device: TUYA_ (3C:0B:59:EE:8B:C9)
  Device: Govee_H6022_5570 (DB:B9:86:06:55:70)
  Device: None (5D:E6:61:00:90:9D)
  Device: S18 A878 LE (F3:33:D0:F6:9B:26)
  Device: None (41:F6:5F:02:BB:E4)
  Device: S18 A812 LE (F3:33:6A:F6:23:9C)
  Device: None (C3:A8:6C:A6:12:BB)
  Device: None (5F:38:76:61:3A:16)
  Device: None (F4:3A:16:C5:19:DC)
  Device: None (C0:23:8D:E6:DD:4C)
  Device: None (C4:F7:C1:24:00:EE)
  Device: None (58:D3:49:F2:CE:B2)
  Device: None (7D:F3:B6:9B:59:21)
  Device: AeroBand Midi 412b (DB:48:C3:06:41:2B)
    -> Found Aeroband!
Connecting to AeroBand Midi 412b at DB:48:C3:06:41:2B
Successfully connected!
Chord changed to: E Major
Auto-connecting to Aeroband...
Starting BLE scan...
Found 29 devices
  Device: None (47:D5:DE:A5:6F:44)
  Device: None (C0:23:8D:E6:DD:4C)
  Device: S18 A878 LE (F3:33:D0:F6:9B:26)
  Device: S&B VOLCANO H (CE:6D:47:B6:23:C2)
  Device: None (6D:04:C8:E4:9A:3E)
  Device: TUYA_ (3C:0B:59:EE:7F:9B)
  Device: S17 54DA LE (E7:A7:59:FE:77:A7)
  Device: None (7D:6B:7A:B9:23:48)
  Device: RevPLC (C1:8B:48:11:6F:FF)
  Device: Govee_H6022_5570 (DB:B9:86:06:55:70)
  Device: None (47:81:EC:AF:40:0E)
  Device: S18 A812 LE (F3:33:6A:F6:23:9C)
  Device: TUYA_ (3C:0B:59:EE:8B:C9)
  Device: None (A8:51:AB:9C:17:68)
  Device: None (5E:7D:9A:E8:4E:16)
  Device: None (47:C5:E3:1D:64:23)
  Device: None (73:33:7D:00:15:A2)
  Device: None (74:94:A2:77:6B:98)
  Device: DREOtf05gCF (00:1C:C2:80:AC:D0)
  Device: None (E3:59:93:BD:35:87)
  Device: AeroBand Midi 412b (DB:48:C3:06:41:2B)
    -> Found Aeroband!
Connecting to AeroBand Midi 412b at DB:48:C3:06:41:2B
Successfully connected!
Chord changed to: E Major
Auto-connecting to Aeroband...
Starting BLE scan...
Found 33 devices
  Device: None (73:73:AE:D0:E0:08)
  Device: None (D8:FA:75:7F:32:05)
  Device: None (47:D5:DE:A5:6F:44)
  Device: None (54:B4:1B:CF:EE:93)
  Device: None (7D:6B:7A:B9:23:48)
  Device: None (5E:7D:9A:E8:4E:16)
  Device: TUYA_ (3C:0B:59:EE:7F:9B)
  Device: None (C4:F7:C1:24:00:EE)
  Device: None (A8:51:AB:9C:17:68)
  Device: RevPLC (C1:8B:48:11:6F:FF)
  Device: S18 A812 LE (F3:33:6A:F6:23:9C)
  Device: None (74:94:A2:77:6B:98)
  Device: Govee_H6022_5570 (DB:B9:86:06:55:70)
  Device: TUYA_ (3C:0B:59:EE:8B:C9)
  Device: None (58:D3:49:F2:CE:B2)
  Device: None (44:06:45:89:2B:1F)
  Device: None (47:C5:E3:1D:64:23)
  Device: None (5C:49:7D:7B:7A:3D)
  Device: AeroBand Midi 412b (DB:48:C3:06:41:2B)
    -> Found Aeroband!
Connecting to AeroBand Midi 412b at DB:48:C3:06:41:2B
Successfully connected!
Chord changed to: E Major
Auto-connecting to Aeroband...
Starting BLE scan...
Found 32 devices
  Device: None (A8:51:AB:9C:17:68)
  Device: None (73:33:7D:00:15:A2)
  Device: TUYA_ (3C:0B:59:EE:7F:9B)
  Device: Govee_H6022_5570 (DB:B9:86:06:55:70)
  Device: S18 A812 LE (F3:33:6A:F6:23:9C)
  Device: RevPLC (C1:8B:48:11:6F:FF)
  Device: S&B VOLCANO H (CE:6D:47:B6:23:C2)
  Device: TUYA_ (3C:0B:59:EE:99:62)
  Device: None (73:73:AE:D0:E0:08)
  Device: None (78:5F:3B:97:65:F6)
  Device: TUYA_ (3C:0B:59:EE:8B:C9)
  Device: None (5E:7D:9A:E8:4E:16)
  Device: None (54:B4:1B:CF:EE:93)
  Device: DREOtf05gCF (00:1C:C2:80:AC:D0)
  Device: None (44:06:45:89:2B:1F)
  Device: None (3C:0B:59:EE:8B:3F)
  Device: None (47:C5:E3:1D:64:23)
  Device: None (4E:E5:0B:5B:A5:B3)
  Device: None (C4:F7:C1:0D:FE:A7)
  Device: None (74:94:A2:77:6B:98)
  Device: S17 54DA LE (E7:A7:59:FE:77:A7)
  Device: None (D8:B7:8D:0F:D9:5F)
  Device: None (7D:6B:7A:B9:23:48)
  Device: S18 A878 LE (F3:33:D0:F6:9B:26)
  Device: None (C0:23:8D:E6:DD:4C)
  Device: AeroBand Midi 412b (DB:48:C3:06:41:2B)
    -> Found Aeroband!
Connecting to AeroBand Midi 412b at DB:48:C3:06:41:2B
Successfully connected!
Chord changed to: E Major
Auto-connecting to Aeroband...
Starting BLE scan...
Chord changed to: E Major
Auto-connecting to Aeroband...
Starting BLE scan...
Found 33 devices
  Device: None (C4:F7:C1:0D:FE:A7)
  Device: S18 A878 LE (F3:33:D0:F6:9B:26)
  Device: None (5E:7D:9A:E8:4E:16)
  Device: RevPLC (C1:8B:48:11:6F:FF)
  Device: TUYA_ (3C:0B:59:EE:8B:C9)
  Device: S&B VOLCANO H (CE:6D:47:B6:23:C2)
  Device: S17 54DA LE (E7:A7:59:FE:77:A7)
  Device: None (C0:23:8D:E6:DD:4C)
  Device: None (54:B4:1B:CF:EE:93)
  Device: AeroBand Midi 412b (DB:48:C3:06:41:2B)
    -> Found Aeroband!
Connecting to AeroBand Midi 412b at DB:48:C3:06:41:2B
Successfully connected!
Chord changed to: E Major
Auto-connecting to Aeroband...
Starting BLE scan...
Found 33 devices
  Device: S18 A812 LE (F3:33:6A:F6:23:9C)
  Device: TUYA_ (3C:0B:59:EE:8B:C9)
  Device: None (4E:E5:0B:5B:A5:B3)
  Device: None (C4:F7:C1:24:00:EE)
  Device: S17 54DA LE (E7:A7:59:FE:77:A7)
  Device: None (44:06:45:89:2B:1F)
  Device: RevPLC (C1:8B:48:11:6F:FF)
  Device: None (54:B4:1B:CF:EE:93)
  Device: None (5E:7D:9A:E8:4E:16)
  Device: None (5C:49:7D:7B:7A:3D)
  Device: None (6D:04:C8:E4:9A:3E)
  Device: None (74:94:A2:77:6B:98)
  Device: DREOtf05gCF (00:1C:C2:80:AC:D0)
  Device: Govee_H6022_5570 (DB:B9:86:06:55:70)
  Device: S18 A878 LE (F3:33:D0:F6:9B:26)
  Device: TUYA_ (3C:0B:59:EE:7F:9B)
  Device: S&B VOLCANO H (CE:6D:47:B6:23:C2)
  Device: None (C0:23:8D:E6:DD:4C)
  Device: None (C5:21:A0:3D:C8:FD)
  Device: None (A8:51:AB:9C:17:68)
  Device: None (47:C5:E3:1D:64:23)
  Device: None (73:73:AE:D0:E0:08)
  Device: None (7D:6B:7A:B9:23:48)
  Device: None (58:D3:49:F2:CE:B2)
  Device: FB1784 (0C:4E:A0:4B:13:AA)
  Device: AeroBand Midi 412b (DB:48:C3:06:41:2B)
    -> Found Aeroband!
Connecting to AeroBand Midi 412b at DB:48:C3:06:41:2B
Successfully connected!
Chord changed to: E Major
Auto-connecting to Aeroband...
Starting BLE scan...
Chord changed to: E Major
Auto-connecting to Aeroband...
Starting BLE scan...
Found 30 devices
  Device: S18 A878 LE (F3:33:D0:F6:9B:26)
  Device: TUYA_ (3C:0B:59:EE:7F:9B)
  Device: None (54:B4:1B:CF:EE:93)
  Device: AeroBand Midi 412b (DB:48:C3:06:41:2B)
    -> Found Aeroband!
Connecting to AeroBand Midi 412b at DB:48:C3:06:41:2B
Successfully connected!
Chord changed to: E Major
Auto-connecting to Aeroband...
Starting BLE scan...
Found 31 devices
  Device: None (6D:04:C8:E4:9A:3E)
  Device: RevPLC (C1:8B:48:11:6F:FF)
  Device: S17 54DA LE (E7:A7:59:FE:77:A7)
  Device: AeroBand Midi 412b (DB:48:C3:06:41:2B)
    -> Found Aeroband!
Connecting to AeroBand Midi 412b at DB:48:C3:06:41:2B
Successfully connected!
